[2025-02-02T06:19:28.455+0000] {local_task_job_runner.py:120} INFO - ::group::Pre task execution logs
[2025-02-02T06:19:28.492+0000] {taskinstance.py:2073} INFO - Dependencies all met for dep_context=non-requeueable deps ti=<TaskInstance: INETUM_DAG.preprocess_data manual__2025-02-02T06:19:16.835935+00:00 [queued]>
[2025-02-02T06:19:28.509+0000] {taskinstance.py:2073} INFO - Dependencies all met for dep_context=requeueable deps ti=<TaskInstance: INETUM_DAG.preprocess_data manual__2025-02-02T06:19:16.835935+00:00 [queued]>
[2025-02-02T06:19:28.511+0000] {taskinstance.py:2303} INFO - Starting attempt 1 of 2
[2025-02-02T06:19:28.539+0000] {taskinstance.py:2327} INFO - Executing <Task(PythonOperator): preprocess_data> on 2025-02-02 06:19:16.835935+00:00
[2025-02-02T06:19:28.550+0000] {warnings.py:110} WARNING - /home/***/.local/lib/python3.12/site-packages/***/task/task_runner/standard_task_runner.py:61: DeprecationWarning: This process (pid=101) is multi-threaded, use of fork() may lead to deadlocks in the child.
  pid = os.fork()

[2025-02-02T06:19:28.553+0000] {standard_task_runner.py:63} INFO - Started process 103 to run task
[2025-02-02T06:19:28.553+0000] {standard_task_runner.py:90} INFO - Running: ['***', 'tasks', 'run', 'INETUM_DAG', 'preprocess_data', 'manual__2025-02-02T06:19:16.835935+00:00', '--job-id', '211', '--raw', '--subdir', 'DAGS_FOLDER/inetum_dag.py', '--cfg-path', '/tmp/tmp3fm73zr9']
[2025-02-02T06:19:28.555+0000] {standard_task_runner.py:91} INFO - Job 211: Subtask preprocess_data
[2025-02-02T06:19:28.651+0000] {task_command.py:426} INFO - Running <TaskInstance: INETUM_DAG.preprocess_data manual__2025-02-02T06:19:16.835935+00:00 [running]> on host 2892ee60bb8a
[2025-02-02T06:19:28.836+0000] {taskinstance.py:2644} INFO - Exporting env vars: AIRFLOW_CTX_DAG_OWNER='Andres Urrea' AIRFLOW_CTX_DAG_ID='INETUM_DAG' AIRFLOW_CTX_TASK_ID='preprocess_data' AIRFLOW_CTX_EXECUTION_DATE='2025-02-02T06:19:16.835935+00:00' AIRFLOW_CTX_TRY_NUMBER='1' AIRFLOW_CTX_DAG_RUN_ID='manual__2025-02-02T06:19:16.835935+00:00'
[2025-02-02T06:19:28.840+0000] {taskinstance.py:430} INFO - ::endgroup::
[2025-02-02T06:19:28.957+0000] {logging_mixin.py:188} INFO -       id                                              title  ... events     type
0  28937  Live coverage: SpaceX to launch 21 Starlink sa...  ...     []  article
1  28936  Nayuta Space Secures Major Funding To Develop ...  ...     []  article
2  28935  Astronomers Call for Global Ban on Space Adver...  ...     []  article
3  28934      JWST Operational Budget Facing Cuts This Fall  ...     []  article
4  28933  Boeing and NASA Making “Significant Progress” ...  ...     []  article

[5 rows x 13 columns]
[2025-02-02T06:19:28.958+0000] {python.py:237} INFO - Done. Returned value was: None
[2025-02-02T06:19:28.958+0000] {taskinstance.py:441} INFO - ::group::Post task execution logs
[2025-02-02T06:19:28.976+0000] {taskinstance.py:1205} INFO - Marking task as SUCCESS. dag_id=INETUM_DAG, task_id=preprocess_data, execution_date=20250202T061916, start_date=20250202T061928, end_date=20250202T061928
[2025-02-02T06:19:29.010+0000] {local_task_job_runner.py:240} INFO - Task exited with return code 0
[2025-02-02T06:19:29.045+0000] {taskinstance.py:3482} INFO - 0 downstream tasks scheduled from follow-on schedule check
[2025-02-02T06:19:29.048+0000] {local_task_job_runner.py:222} INFO - ::endgroup::
