[2025-02-03T13:59:00.547+0000] {local_task_job_runner.py:120} INFO - ::group::Pre task execution logs
[2025-02-03T13:59:00.584+0000] {taskinstance.py:2073} INFO - Dependencies all met for dep_context=non-requeueable deps ti=<TaskInstance: INETUM_ETL.load_data_task manual__2025-02-03T13:58:38.091646+00:00 [queued]>
[2025-02-03T13:59:00.599+0000] {taskinstance.py:2073} INFO - Dependencies all met for dep_context=requeueable deps ti=<TaskInstance: INETUM_ETL.load_data_task manual__2025-02-03T13:58:38.091646+00:00 [queued]>
[2025-02-03T13:59:00.600+0000] {taskinstance.py:2303} INFO - Starting attempt 1 of 2
[2025-02-03T13:59:00.665+0000] {taskinstance.py:2327} INFO - Executing <Task(PythonOperator): load_data_task> on 2025-02-03 13:58:38.091646+00:00
[2025-02-03T13:59:00.676+0000] {warnings.py:110} WARNING - /home/***/.local/lib/python3.12/site-packages/***/task/task_runner/standard_task_runner.py:61: DeprecationWarning: This process (pid=125) is multi-threaded, use of fork() may lead to deadlocks in the child.
  pid = os.fork()

[2025-02-03T13:59:00.679+0000] {standard_task_runner.py:63} INFO - Started process 127 to run task
[2025-02-03T13:59:00.680+0000] {standard_task_runner.py:90} INFO - Running: ['***', 'tasks', 'run', 'INETUM_ETL', 'load_data_task', 'manual__2025-02-03T13:58:38.091646+00:00', '--job-id', '269', '--raw', '--subdir', 'DAGS_FOLDER/dagto_csv.py', '--cfg-path', '/tmp/tmp4of6q8v7']
[2025-02-03T13:59:00.682+0000] {standard_task_runner.py:91} INFO - Job 269: Subtask load_data_task
[2025-02-03T13:59:00.802+0000] {task_command.py:426} INFO - Running <TaskInstance: INETUM_ETL.load_data_task manual__2025-02-03T13:58:38.091646+00:00 [running]> on host 2892ee60bb8a
[2025-02-03T13:59:01.059+0000] {taskinstance.py:2644} INFO - Exporting env vars: AIRFLOW_CTX_DAG_OWNER='Andres Urrea' AIRFLOW_CTX_DAG_ID='INETUM_ETL' AIRFLOW_CTX_TASK_ID='load_data_task' AIRFLOW_CTX_EXECUTION_DATE='2025-02-03T13:58:38.091646+00:00' AIRFLOW_CTX_TRY_NUMBER='1' AIRFLOW_CTX_DAG_RUN_ID='manual__2025-02-03T13:58:38.091646+00:00'
[2025-02-03T13:59:01.063+0000] {taskinstance.py:430} INFO - ::endgroup::
[2025-02-03T13:59:01.073+0000] {_universal.py:511} INFO - Request URL: 'https://inetumau.blob.core.windows.net/articles/archivo.json'
Request method: 'PUT'
Request headers:
    'Content-Length': '434695'
    'x-ms-blob-type': 'REDACTED'
    'x-ms-version': 'REDACTED'
    'Content-Type': 'application/octet-stream'
    'Accept': 'application/xml'
    'User-Agent': 'azsdk-python-storage-blob/12.19.1 Python/3.12.2 (Linux-5.15.146.1-microsoft-standard-WSL2-x86_64-with-glibc2.36)'
    'x-ms-date': 'REDACTED'
    'x-ms-client-request-id': '053cabb2-e237-11ef-8de9-0242ac130006'
    'Authorization': 'REDACTED'
A body is sent with the request
[2025-02-03T13:59:02.332+0000] {_universal.py:550} INFO - Response status: 201
Response headers:
    'Content-Length': '0'
    'Content-MD5': 'REDACTED'
    'Last-Modified': 'Mon, 03 Feb 2025 13:59:02 GMT'
    'ETag': '"0x8DD445AEA853420"'
    'Server': 'Windows-Azure-Blob/1.0 Microsoft-HTTPAPI/2.0'
    'x-ms-request-id': '389f2cff-501e-0093-3c43-76c4dc000000'
    'x-ms-client-request-id': '053cabb2-e237-11ef-8de9-0242ac130006'
    'x-ms-version': 'REDACTED'
    'x-ms-content-crc64': 'REDACTED'
    'x-ms-request-server-encrypted': 'REDACTED'
    'Date': 'Mon, 03 Feb 2025 13:59:02 GMT'
[2025-02-03T13:59:02.335+0000] {dagto_csv.py:86} INFO - Proceso de almacenamiento en la nube se realizado con exito, en la ruta https://inetumau.blob.core.windows.net/articles/archivo.json
[2025-02-03T13:59:02.338+0000] {python.py:237} INFO - Done. Returned value was: None
[2025-02-03T13:59:02.340+0000] {taskinstance.py:441} INFO - ::group::Post task execution logs
[2025-02-03T13:59:02.357+0000] {taskinstance.py:1205} INFO - Marking task as SUCCESS. dag_id=INETUM_ETL, task_id=load_data_task, execution_date=20250203T135838, start_date=20250203T135900, end_date=20250203T135902
[2025-02-03T13:59:02.464+0000] {local_task_job_runner.py:240} INFO - Task exited with return code 0
[2025-02-03T13:59:02.518+0000] {taskinstance.py:3482} INFO - 1 downstream tasks scheduled from follow-on schedule check
[2025-02-03T13:59:02.559+0000] {local_task_job_runner.py:222} INFO - ::endgroup::
