[2025-02-01T19:58:50.320+0000] {local_task_job_runner.py:120} INFO - ::group::Pre task execution logs
[2025-02-01T19:58:50.353+0000] {taskinstance.py:2073} INFO - Dependencies all met for dep_context=non-requeueable deps ti=<TaskInstance: DATABRICKS_DAG.run_now manual__2025-02-01T19:58:43.968916+00:00 [queued]>
[2025-02-01T19:58:50.368+0000] {taskinstance.py:2073} INFO - Dependencies all met for dep_context=requeueable deps ti=<TaskInstance: DATABRICKS_DAG.run_now manual__2025-02-01T19:58:43.968916+00:00 [queued]>
[2025-02-01T19:58:50.369+0000] {taskinstance.py:2303} INFO - Starting attempt 1 of 2
[2025-02-01T19:58:50.399+0000] {taskinstance.py:2327} INFO - Executing <Task(DatabricksRunNowOperator): run_now> on 2025-02-01 19:58:43.968916+00:00
[2025-02-01T19:58:50.410+0000] {warnings.py:110} WARNING - /home/***/.local/lib/python3.12/site-packages/***/task/task_runner/standard_task_runner.py:61: DeprecationWarning: This process (pid=67) is multi-threaded, use of fork() may lead to deadlocks in the child.
  pid = os.fork()

[2025-02-01T19:58:50.415+0000] {standard_task_runner.py:63} INFO - Started process 69 to run task
[2025-02-01T19:58:50.415+0000] {standard_task_runner.py:90} INFO - Running: ['***', 'tasks', 'run', 'DATABRICKS_DAG', 'run_now', 'manual__2025-02-01T19:58:43.968916+00:00', '--job-id', '202', '--raw', '--subdir', 'DAGS_FOLDER/dag_databricks.py', '--cfg-path', '/tmp/tmpqlj1v7d4']
[2025-02-01T19:58:50.420+0000] {standard_task_runner.py:91} INFO - Job 202: Subtask run_now
[2025-02-01T19:58:50.518+0000] {task_command.py:426} INFO - Running <TaskInstance: DATABRICKS_DAG.run_now manual__2025-02-01T19:58:43.968916+00:00 [running]> on host 2892ee60bb8a
[2025-02-01T19:58:50.690+0000] {taskinstance.py:2644} INFO - Exporting env vars: AIRFLOW_CTX_DAG_OWNER='Andres Urrea' AIRFLOW_CTX_DAG_ID='DATABRICKS_DAG' AIRFLOW_CTX_TASK_ID='run_now' AIRFLOW_CTX_EXECUTION_DATE='2025-02-01T19:58:43.968916+00:00' AIRFLOW_CTX_TRY_NUMBER='1' AIRFLOW_CTX_DAG_RUN_ID='manual__2025-02-01T19:58:43.968916+00:00'
[2025-02-01T19:58:50.696+0000] {taskinstance.py:430} INFO - ::endgroup::
[2025-02-01T19:58:50.714+0000] {base.py:84} INFO - Using connection ID 'Databricks-connection-***' for task execution.
[2025-02-01T19:58:52.195+0000] {databricks.py:65} INFO - Run submitted with run_id: 846528705574093
[2025-02-01T19:58:53.493+0000] {databricks.py:127} INFO - run_now in run state: {'life_cycle_state': 'RUNNING', 'result_state': '', 'state_message': ''}
[2025-02-01T19:58:53.495+0000] {databricks.py:128} INFO - View run status, Spark UI, and logs at https://adb-3338530560336691.11.azuredatabricks.net/?o=3338530560336691#job/882479244738536/run/846528705574093
[2025-02-01T19:58:53.496+0000] {databricks.py:129} INFO - Sleeping for 30 seconds.
[2025-02-01T19:59:24.345+0000] {databricks.py:76} INFO - run_now completed successfully.
[2025-02-01T19:59:24.347+0000] {databricks.py:77} INFO - View run status, Spark UI, and logs at https://adb-3338530560336691.11.azuredatabricks.net/?o=3338530560336691#job/882479244738536/run/846528705574093
[2025-02-01T19:59:24.348+0000] {taskinstance.py:441} INFO - ::group::Post task execution logs
[2025-02-01T19:59:24.366+0000] {taskinstance.py:1205} INFO - Marking task as SUCCESS. dag_id=DATABRICKS_DAG, task_id=run_now, execution_date=20250201T195843, start_date=20250201T195850, end_date=20250201T195924
[2025-02-01T19:59:24.406+0000] {local_task_job_runner.py:240} INFO - Task exited with return code 0
[2025-02-01T19:59:24.454+0000] {taskinstance.py:3482} INFO - 0 downstream tasks scheduled from follow-on schedule check
[2025-02-01T19:59:24.461+0000] {local_task_job_runner.py:222} INFO - ::endgroup::
