[2025-02-02T07:17:48.603+0000] {local_task_job_runner.py:120} INFO - ::group::Pre task execution logs
[2025-02-02T07:17:48.660+0000] {taskinstance.py:2073} INFO - Dependencies all met for dep_context=non-requeueable deps ti=<TaskInstance: csv_dag.preprocess_data manual__2025-02-02T07:17:34.312052+00:00 [queued]>
[2025-02-02T07:17:48.688+0000] {taskinstance.py:2073} INFO - Dependencies all met for dep_context=requeueable deps ti=<TaskInstance: csv_dag.preprocess_data manual__2025-02-02T07:17:34.312052+00:00 [queued]>
[2025-02-02T07:17:48.690+0000] {taskinstance.py:2303} INFO - Starting attempt 1 of 2
[2025-02-02T07:17:48.736+0000] {taskinstance.py:2327} INFO - Executing <Task(PythonOperator): preprocess_data> on 2025-02-02 07:17:34.312052+00:00
[2025-02-02T07:17:48.756+0000] {warnings.py:110} WARNING - /home/***/.local/lib/python3.12/site-packages/***/task/task_runner/standard_task_runner.py:61: DeprecationWarning: This process (pid=812) is multi-threaded, use of fork() may lead to deadlocks in the child.
  pid = os.fork()

[2025-02-02T07:17:48.761+0000] {standard_task_runner.py:63} INFO - Started process 814 to run task
[2025-02-02T07:17:48.761+0000] {standard_task_runner.py:90} INFO - Running: ['***', 'tasks', 'run', 'csv_dag', 'preprocess_data', 'manual__2025-02-02T07:17:34.312052+00:00', '--job-id', '229', '--raw', '--subdir', 'DAGS_FOLDER/dagto_csv.py', '--cfg-path', '/tmp/tmpcnh7fli8']
[2025-02-02T07:17:48.767+0000] {standard_task_runner.py:91} INFO - Job 229: Subtask preprocess_data
[2025-02-02T07:17:48.872+0000] {task_command.py:426} INFO - Running <TaskInstance: csv_dag.preprocess_data manual__2025-02-02T07:17:34.312052+00:00 [running]> on host 2892ee60bb8a
[2025-02-02T07:17:49.115+0000] {taskinstance.py:2644} INFO - Exporting env vars: AIRFLOW_CTX_DAG_OWNER='Andres Urrea' AIRFLOW_CTX_DAG_ID='csv_dag' AIRFLOW_CTX_TASK_ID='preprocess_data' AIRFLOW_CTX_EXECUTION_DATE='2025-02-02T07:17:34.312052+00:00' AIRFLOW_CTX_TRY_NUMBER='1' AIRFLOW_CTX_DAG_RUN_ID='manual__2025-02-02T07:17:34.312052+00:00'
[2025-02-02T07:17:49.121+0000] {taskinstance.py:430} INFO - ::endgroup::
[2025-02-02T07:17:49.194+0000] {_universal.py:511} INFO - Request URL: 'https://inetumau.blob.core.windows.net/articles/archivo2.csv'
Request method: 'PUT'
Request headers:
    'Content-Length': '2454'
    'x-ms-blob-type': 'REDACTED'
    'x-ms-version': 'REDACTED'
    'Content-Type': 'application/octet-stream'
    'Accept': 'application/xml'
    'User-Agent': 'azsdk-python-storage-blob/12.19.1 Python/3.12.2 (Linux-5.15.146.1-microsoft-standard-WSL2-x86_64-with-glibc2.36)'
    'x-ms-date': 'REDACTED'
    'x-ms-client-request-id': 'cedd64b4-e135-11ef-8e09-0242ac130004'
    'Authorization': 'REDACTED'
A body is sent with the request
[2025-02-02T07:17:51.158+0000] {_universal.py:550} INFO - Response status: 201
Response headers:
    'Content-Length': '0'
    'Content-MD5': 'REDACTED'
    'Last-Modified': 'Sun, 02 Feb 2025 07:17:51 GMT'
    'ETag': '"0x8DD4359B4725BFC"'
    'Server': 'Windows-Azure-Blob/1.0 Microsoft-HTTPAPI/2.0'
    'x-ms-request-id': 'f2bb41cb-c01e-0078-7c42-753a20000000'
    'x-ms-client-request-id': 'cedd64b4-e135-11ef-8e09-0242ac130004'
    'x-ms-version': 'REDACTED'
    'x-ms-content-crc64': 'REDACTED'
    'x-ms-request-server-encrypted': 'REDACTED'
    'Date': 'Sun, 02 Feb 2025 07:17:51 GMT'
[2025-02-02T07:17:51.165+0000] {logging_mixin.py:188} INFO - El archivo archivo2.csv ha sido cargado exitosamente a Azure Blob Storage.
[2025-02-02T07:17:51.175+0000] {python.py:237} INFO - Done. Returned value was: None
[2025-02-02T07:17:51.180+0000] {taskinstance.py:441} INFO - ::group::Post task execution logs
[2025-02-02T07:17:51.215+0000] {taskinstance.py:1205} INFO - Marking task as SUCCESS. dag_id=csv_dag, task_id=preprocess_data, execution_date=20250202T071734, start_date=20250202T071748, end_date=20250202T071751
[2025-02-02T07:17:51.311+0000] {local_task_job_runner.py:240} INFO - Task exited with return code 0
[2025-02-02T07:17:51.424+0000] {taskinstance.py:3482} INFO - 0 downstream tasks scheduled from follow-on schedule check
[2025-02-02T07:17:51.431+0000] {local_task_job_runner.py:222} INFO - ::endgroup::
