[2025-02-02T16:02:05.157+0000] {local_task_job_runner.py:120} INFO - ::group::Pre task execution logs
[2025-02-02T16:02:05.190+0000] {taskinstance.py:2073} INFO - Dependencies all met for dep_context=non-requeueable deps ti=<TaskInstance: csv_dag.load_data_task manual__2025-02-02T16:01:46.029459+00:00 [queued]>
[2025-02-02T16:02:05.209+0000] {taskinstance.py:2073} INFO - Dependencies all met for dep_context=requeueable deps ti=<TaskInstance: csv_dag.load_data_task manual__2025-02-02T16:01:46.029459+00:00 [queued]>
[2025-02-02T16:02:05.210+0000] {taskinstance.py:2303} INFO - Starting attempt 1 of 2
[2025-02-02T16:02:05.237+0000] {taskinstance.py:2327} INFO - Executing <Task(PythonOperator): load_data_task> on 2025-02-02 16:01:46.029459+00:00
[2025-02-02T16:02:05.257+0000] {warnings.py:110} WARNING - /home/***/.local/lib/python3.12/site-packages/***/task/task_runner/standard_task_runner.py:61: DeprecationWarning: This process (pid=209) is multi-threaded, use of fork() may lead to deadlocks in the child.
  pid = os.fork()

[2025-02-02T16:02:05.261+0000] {standard_task_runner.py:63} INFO - Started process 211 to run task
[2025-02-02T16:02:05.262+0000] {standard_task_runner.py:90} INFO - Running: ['***', 'tasks', 'run', 'csv_dag', 'load_data_task', 'manual__2025-02-02T16:01:46.029459+00:00', '--job-id', '234', '--raw', '--subdir', 'DAGS_FOLDER/dagto_csv.py', '--cfg-path', '/tmp/tmprghp55g7']
[2025-02-02T16:02:05.265+0000] {standard_task_runner.py:91} INFO - Job 234: Subtask load_data_task
[2025-02-02T16:02:05.350+0000] {task_command.py:426} INFO - Running <TaskInstance: csv_dag.load_data_task manual__2025-02-02T16:01:46.029459+00:00 [running]> on host 2892ee60bb8a
[2025-02-02T16:02:05.605+0000] {taskinstance.py:2644} INFO - Exporting env vars: AIRFLOW_CTX_DAG_OWNER='Andres Urrea' AIRFLOW_CTX_DAG_ID='csv_dag' AIRFLOW_CTX_TASK_ID='load_data_task' AIRFLOW_CTX_EXECUTION_DATE='2025-02-02T16:01:46.029459+00:00' AIRFLOW_CTX_TRY_NUMBER='1' AIRFLOW_CTX_DAG_RUN_ID='manual__2025-02-02T16:01:46.029459+00:00'
[2025-02-02T16:02:05.609+0000] {taskinstance.py:430} INFO - ::endgroup::
[2025-02-02T16:02:05.639+0000] {logging_mixin.py:188} INFO - DataFrame cargado:
/tmp/df.csv
[2025-02-02T16:02:05.640+0000] {logging_mixin.py:188} INFO - <class 'pandas.core.frame.DataFrame'>
[2025-02-02T16:02:05.702+0000] {logging_mixin.py:188} INFO -    Unnamed: 0     id  ... events     type
0           0  28938  ...     []  article
1           1  28937  ...     []  article
2           2  28936  ...     []  article
3           3  28935  ...     []  article
4           4  28934  ...     []  article

[5 rows x 14 columns]
[2025-02-02T16:02:05.720+0000] {_universal.py:511} INFO - Request URL: 'https://inetumau.blob.core.windows.net/articles/archivo3.csv'
Request method: 'PUT'
Request headers:
    'Content-Length': '3354'
    'x-ms-blob-type': 'REDACTED'
    'x-ms-version': 'REDACTED'
    'Content-Type': 'application/octet-stream'
    'Accept': 'application/xml'
    'User-Agent': 'azsdk-python-storage-blob/12.19.1 Python/3.12.2 (Linux-5.15.146.1-microsoft-standard-WSL2-x86_64-with-glibc2.36)'
    'x-ms-date': 'REDACTED'
    'x-ms-client-request-id': '0c6a79e0-e17f-11ef-abdf-0242ac130004'
    'Authorization': 'REDACTED'
A body is sent with the request
[2025-02-02T16:02:06.585+0000] {_universal.py:550} INFO - Response status: 201
Response headers:
    'Content-Length': '0'
    'Content-MD5': 'REDACTED'
    'Last-Modified': 'Sun, 02 Feb 2025 16:02:07 GMT'
    'ETag': '"0x8DD43A2F18A88B4"'
    'Server': 'Windows-Azure-Blob/1.0 Microsoft-HTTPAPI/2.0'
    'x-ms-request-id': '5df53266-901e-00e3-538b-75b718000000'
    'x-ms-client-request-id': '0c6a79e0-e17f-11ef-abdf-0242ac130004'
    'x-ms-version': 'REDACTED'
    'x-ms-content-crc64': 'REDACTED'
    'x-ms-request-server-encrypted': 'REDACTED'
    'Date': 'Sun, 02 Feb 2025 16:02:06 GMT'
[2025-02-02T16:02:06.588+0000] {logging_mixin.py:188} INFO - El archivo archivo3.csv ha sido cargado exitosamente a Azure Blob Storage.
[2025-02-02T16:02:06.591+0000] {python.py:237} INFO - Done. Returned value was: None
[2025-02-02T16:02:06.594+0000] {taskinstance.py:441} INFO - ::group::Post task execution logs
[2025-02-02T16:02:06.611+0000] {taskinstance.py:1205} INFO - Marking task as SUCCESS. dag_id=csv_dag, task_id=load_data_task, execution_date=20250202T160146, start_date=20250202T160205, end_date=20250202T160206
[2025-02-02T16:02:06.682+0000] {local_task_job_runner.py:240} INFO - Task exited with return code 0
[2025-02-02T16:02:06.717+0000] {taskinstance.py:3482} INFO - 0 downstream tasks scheduled from follow-on schedule check
[2025-02-02T16:02:06.720+0000] {local_task_job_runner.py:222} INFO - ::endgroup::
