[2025-02-02T07:15:34.048+0000] {local_task_job_runner.py:120} INFO - ::group::Pre task execution logs
[2025-02-02T07:15:34.081+0000] {taskinstance.py:2073} INFO - Dependencies all met for dep_context=non-requeueable deps ti=<TaskInstance: csv_dag.load_data_task manual__2025-02-02T07:10:06.522942+00:00 [queued]>
[2025-02-02T07:15:34.103+0000] {taskinstance.py:2073} INFO - Dependencies all met for dep_context=requeueable deps ti=<TaskInstance: csv_dag.load_data_task manual__2025-02-02T07:10:06.522942+00:00 [queued]>
[2025-02-02T07:15:34.104+0000] {taskinstance.py:2303} INFO - Starting attempt 2 of 2
[2025-02-02T07:15:34.142+0000] {taskinstance.py:2327} INFO - Executing <Task(PythonOperator): load_data_task> on 2025-02-02 07:10:06.522942+00:00
[2025-02-02T07:15:34.160+0000] {warnings.py:110} WARNING - /home/***/.local/lib/python3.12/site-packages/***/task/task_runner/standard_task_runner.py:61: DeprecationWarning: This process (pid=783) is multi-threaded, use of fork() may lead to deadlocks in the child.
  pid = os.fork()

[2025-02-02T07:15:34.169+0000] {standard_task_runner.py:63} INFO - Started process 785 to run task
[2025-02-02T07:15:34.166+0000] {standard_task_runner.py:90} INFO - Running: ['***', 'tasks', 'run', 'csv_dag', 'load_data_task', 'manual__2025-02-02T07:10:06.522942+00:00', '--job-id', '226', '--raw', '--subdir', 'DAGS_FOLDER/dagto_csv.py', '--cfg-path', '/tmp/tmp82t_p9wg']
[2025-02-02T07:15:34.210+0000] {standard_task_runner.py:91} INFO - Job 226: Subtask load_data_task
[2025-02-02T07:15:34.555+0000] {task_command.py:426} INFO - Running <TaskInstance: csv_dag.load_data_task manual__2025-02-02T07:10:06.522942+00:00 [running]> on host 2892ee60bb8a
[2025-02-02T07:15:34.960+0000] {taskinstance.py:2644} INFO - Exporting env vars: AIRFLOW_CTX_DAG_OWNER='Andres Urrea' AIRFLOW_CTX_DAG_ID='csv_dag' AIRFLOW_CTX_TASK_ID='load_data_task' AIRFLOW_CTX_EXECUTION_DATE='2025-02-02T07:10:06.522942+00:00' AIRFLOW_CTX_TRY_NUMBER='2' AIRFLOW_CTX_DAG_RUN_ID='manual__2025-02-02T07:10:06.522942+00:00'
[2025-02-02T07:15:34.976+0000] {taskinstance.py:430} INFO - ::endgroup::
[2025-02-02T07:15:35.015+0000] {logging_mixin.py:188} INFO - <class 'NoneType'>
[2025-02-02T07:15:35.017+0000] {logging_mixin.py:188} INFO - None
[2025-02-02T07:15:35.018+0000] {python.py:237} INFO - Done. Returned value was: None
[2025-02-02T07:15:35.020+0000] {taskinstance.py:441} INFO - ::group::Post task execution logs
[2025-02-02T07:15:35.047+0000] {taskinstance.py:1205} INFO - Marking task as SUCCESS. dag_id=csv_dag, task_id=load_data_task, execution_date=20250202T071006, start_date=20250202T071534, end_date=20250202T071535
[2025-02-02T07:15:35.118+0000] {local_task_job_runner.py:240} INFO - Task exited with return code 0
[2025-02-02T07:15:35.176+0000] {taskinstance.py:3482} INFO - 0 downstream tasks scheduled from follow-on schedule check
[2025-02-02T07:15:35.231+0000] {local_task_job_runner.py:222} INFO - ::endgroup::
