[2025-02-03T03:22:17.270+0000] {local_task_job_runner.py:120} INFO - ::group::Pre task execution logs
[2025-02-03T03:22:17.304+0000] {taskinstance.py:2073} INFO - Dependencies all met for dep_context=non-requeueable deps ti=<TaskInstance: csv_dag.load_data_task manual__2025-02-03T03:21:54.434972+00:00 [queued]>
[2025-02-03T03:22:17.320+0000] {taskinstance.py:2073} INFO - Dependencies all met for dep_context=requeueable deps ti=<TaskInstance: csv_dag.load_data_task manual__2025-02-03T03:21:54.434972+00:00 [queued]>
[2025-02-03T03:22:17.322+0000] {taskinstance.py:2303} INFO - Starting attempt 1 of 2
[2025-02-03T03:22:17.350+0000] {taskinstance.py:2327} INFO - Executing <Task(PythonOperator): load_data_task> on 2025-02-03 03:21:54.434972+00:00
[2025-02-03T03:22:17.363+0000] {warnings.py:110} WARNING - /home/***/.local/lib/python3.12/site-packages/***/task/task_runner/standard_task_runner.py:61: DeprecationWarning: This process (pid=1258) is multi-threaded, use of fork() may lead to deadlocks in the child.
  pid = os.fork()

[2025-02-03T03:22:17.366+0000] {standard_task_runner.py:63} INFO - Started process 1260 to run task
[2025-02-03T03:22:17.366+0000] {standard_task_runner.py:90} INFO - Running: ['***', 'tasks', 'run', 'csv_dag', 'load_data_task', 'manual__2025-02-03T03:21:54.434972+00:00', '--job-id', '255', '--raw', '--subdir', 'DAGS_FOLDER/dagto_csv.py', '--cfg-path', '/tmp/tmpqbpw9stg']
[2025-02-03T03:22:17.368+0000] {standard_task_runner.py:91} INFO - Job 255: Subtask load_data_task
[2025-02-03T03:22:17.468+0000] {task_command.py:426} INFO - Running <TaskInstance: csv_dag.load_data_task manual__2025-02-03T03:21:54.434972+00:00 [running]> on host 2892ee60bb8a
[2025-02-03T03:22:17.658+0000] {taskinstance.py:2644} INFO - Exporting env vars: AIRFLOW_CTX_DAG_OWNER='Andres Urrea' AIRFLOW_CTX_DAG_ID='csv_dag' AIRFLOW_CTX_TASK_ID='load_data_task' AIRFLOW_CTX_EXECUTION_DATE='2025-02-03T03:21:54.434972+00:00' AIRFLOW_CTX_TRY_NUMBER='1' AIRFLOW_CTX_DAG_RUN_ID='manual__2025-02-03T03:21:54.434972+00:00'
[2025-02-03T03:22:17.663+0000] {taskinstance.py:430} INFO - ::endgroup::
[2025-02-03T03:22:17.694+0000] {logging_mixin.py:188} INFO - DataFrame cargado:
/tmp/df.csv
[2025-02-03T03:22:17.696+0000] {logging_mixin.py:188} INFO - <class 'pandas.core.frame.DataFrame'>
[2025-02-03T03:22:17.740+0000] {logging_mixin.py:188} INFO -         id                                              title  ... events     type
0    28941  Japan launches Michibiki 6 navigation satellit...  ...     []  article
1    28940  What’s Happening in Space Policy February 2-8,...  ...     []  article
2    28939  Indian navigation satellite stuck in transfer ...  ...     []  article
3    28938  Industry executives predict “more thoughtful” ...  ...     []  article
4    28937  Live coverage: SpaceX to launch 21 Starlink sa...  ...     []  article
..     ...                                                ...  ...    ...      ...
495  28407  NASA Chooses Nuclear Fission Power for Humans ...  ...     []  article
496  28404  Small Business Innovation Research (SBIR) and ...  ...     []  article
497  28405  Live coverage: SpaceX to launch first dedicate...  ...     []  article
498  28403      Trump 2.0 – How Will the Space Sector Change?  ...     []  article
499  28402                                             Travel  ...     []  article

[500 rows x 13 columns]
[2025-02-03T03:22:17.824+0000] {_universal.py:511} INFO - Request URL: 'https://inetumau.blob.core.windows.net/articles/archivo.csv'
Request method: 'PUT'
Request headers:
    'Content-Length': '352644'
    'x-ms-blob-type': 'REDACTED'
    'x-ms-version': 'REDACTED'
    'Content-Type': 'application/octet-stream'
    'Accept': 'application/xml'
    'User-Agent': 'azsdk-python-storage-blob/12.19.1 Python/3.12.2 (Linux-5.15.146.1-microsoft-standard-WSL2-x86_64-with-glibc2.36)'
    'x-ms-date': 'REDACTED'
    'x-ms-client-request-id': '1253480a-e1de-11ef-b853-0242ac130006'
    'Authorization': 'REDACTED'
A body is sent with the request
[2025-02-03T03:22:20.837+0000] {_universal.py:550} INFO - Response status: 201
Response headers:
    'Content-Length': '0'
    'Content-MD5': 'REDACTED'
    'Last-Modified': 'Mon, 03 Feb 2025 03:22:20 GMT'
    'ETag': '"0x8DD4401F8407418"'
    'Server': 'Windows-Azure-Blob/1.0 Microsoft-HTTPAPI/2.0'
    'x-ms-request-id': 'd2f1756e-801e-005d-4aea-75a293000000'
    'x-ms-client-request-id': '1253480a-e1de-11ef-b853-0242ac130006'
    'x-ms-version': 'REDACTED'
    'x-ms-content-crc64': 'REDACTED'
    'x-ms-request-server-encrypted': 'REDACTED'
    'Date': 'Mon, 03 Feb 2025 03:22:20 GMT'
[2025-02-03T03:22:20.839+0000] {logging_mixin.py:188} INFO - El archivo archivo.csv ha sido cargado exitosamente a Azure Blob Storage.
[2025-02-03T03:22:20.845+0000] {python.py:237} INFO - Done. Returned value was: None
[2025-02-03T03:22:20.847+0000] {taskinstance.py:441} INFO - ::group::Post task execution logs
[2025-02-03T03:22:20.866+0000] {taskinstance.py:1205} INFO - Marking task as SUCCESS. dag_id=csv_dag, task_id=load_data_task, execution_date=20250203T032154, start_date=20250203T032217, end_date=20250203T032220
[2025-02-03T03:22:20.921+0000] {local_task_job_runner.py:240} INFO - Task exited with return code 0
[2025-02-03T03:22:20.981+0000] {taskinstance.py:3482} INFO - 1 downstream tasks scheduled from follow-on schedule check
[2025-02-03T03:22:20.985+0000] {local_task_job_runner.py:222} INFO - ::endgroup::
