[2025-02-03T03:28:33.099+0000] {local_task_job_runner.py:120} INFO - ::group::Pre task execution logs
[2025-02-03T03:28:33.140+0000] {taskinstance.py:2073} INFO - Dependencies all met for dep_context=non-requeueable deps ti=<TaskInstance: csv_dag.preprocess_data manual__2025-02-03T03:28:21.469953+00:00 [queued]>
[2025-02-03T03:28:33.164+0000] {taskinstance.py:2073} INFO - Dependencies all met for dep_context=requeueable deps ti=<TaskInstance: csv_dag.preprocess_data manual__2025-02-03T03:28:21.469953+00:00 [queued]>
[2025-02-03T03:28:33.165+0000] {taskinstance.py:2303} INFO - Starting attempt 1 of 2
[2025-02-03T03:28:33.203+0000] {taskinstance.py:2327} INFO - Executing <Task(PythonOperator): preprocess_data> on 2025-02-03 03:28:21.469953+00:00
[2025-02-03T03:28:33.216+0000] {warnings.py:110} WARNING - /home/***/.local/lib/python3.12/site-packages/***/task/task_runner/standard_task_runner.py:61: DeprecationWarning: This process (pid=1351) is multi-threaded, use of fork() may lead to deadlocks in the child.
  pid = os.fork()

[2025-02-03T03:28:33.222+0000] {standard_task_runner.py:63} INFO - Started process 1360 to run task
[2025-02-03T03:28:33.222+0000] {standard_task_runner.py:90} INFO - Running: ['***', 'tasks', 'run', 'csv_dag', 'preprocess_data', 'manual__2025-02-03T03:28:21.469953+00:00', '--job-id', '262', '--raw', '--subdir', 'DAGS_FOLDER/dagto_csv.py', '--cfg-path', '/tmp/tmp3xxh9f86']
[2025-02-03T03:28:33.225+0000] {standard_task_runner.py:91} INFO - Job 262: Subtask preprocess_data
[2025-02-03T03:28:33.334+0000] {task_command.py:426} INFO - Running <TaskInstance: csv_dag.preprocess_data manual__2025-02-03T03:28:21.469953+00:00 [running]> on host 2892ee60bb8a
[2025-02-03T03:28:33.590+0000] {taskinstance.py:2644} INFO - Exporting env vars: AIRFLOW_CTX_DAG_OWNER='Andres Urrea' AIRFLOW_CTX_DAG_ID='csv_dag' AIRFLOW_CTX_TASK_ID='preprocess_data' AIRFLOW_CTX_EXECUTION_DATE='2025-02-03T03:28:21.469953+00:00' AIRFLOW_CTX_TRY_NUMBER='1' AIRFLOW_CTX_DAG_RUN_ID='manual__2025-02-03T03:28:21.469953+00:00'
[2025-02-03T03:28:33.595+0000] {taskinstance.py:430} INFO - ::endgroup::
[2025-02-03T03:28:33.716+0000] {logging_mixin.py:188} INFO - DataFrame guardado en /tmp/df.json
[2025-02-03T03:28:33.719+0000] {python.py:237} INFO - Done. Returned value was: None
[2025-02-03T03:28:33.721+0000] {taskinstance.py:441} INFO - ::group::Post task execution logs
[2025-02-03T03:28:33.739+0000] {taskinstance.py:1205} INFO - Marking task as SUCCESS. dag_id=csv_dag, task_id=preprocess_data, execution_date=20250203T032821, start_date=20250203T032833, end_date=20250203T032833
[2025-02-03T03:28:33.800+0000] {local_task_job_runner.py:240} INFO - Task exited with return code 0
[2025-02-03T03:28:33.880+0000] {taskinstance.py:3482} INFO - 1 downstream tasks scheduled from follow-on schedule check
[2025-02-03T03:28:33.883+0000] {local_task_job_runner.py:222} INFO - ::endgroup::
