[2025-02-02T07:13:47.481+0000] {local_task_job_runner.py:120} INFO - ::group::Pre task execution logs
[2025-02-02T07:13:47.544+0000] {taskinstance.py:2073} INFO - Dependencies all met for dep_context=non-requeueable deps ti=<TaskInstance: csv_dag.load_data_task manual__2025-02-02T07:08:24.170608+00:00 [queued]>
[2025-02-02T07:13:47.566+0000] {taskinstance.py:2073} INFO - Dependencies all met for dep_context=requeueable deps ti=<TaskInstance: csv_dag.load_data_task manual__2025-02-02T07:08:24.170608+00:00 [queued]>
[2025-02-02T07:13:47.567+0000] {taskinstance.py:2303} INFO - Starting attempt 2 of 2
[2025-02-02T07:13:47.607+0000] {taskinstance.py:2327} INFO - Executing <Task(PythonOperator): load_data_task> on 2025-02-02 07:08:24.170608+00:00
[2025-02-02T07:13:47.620+0000] {warnings.py:110} WARNING - /home/***/.local/lib/python3.12/site-packages/***/task/task_runner/standard_task_runner.py:61: DeprecationWarning: This process (pid=742) is multi-threaded, use of fork() may lead to deadlocks in the child.
  pid = os.fork()

[2025-02-02T07:13:47.624+0000] {standard_task_runner.py:63} INFO - Started process 744 to run task
[2025-02-02T07:13:47.624+0000] {standard_task_runner.py:90} INFO - Running: ['***', 'tasks', 'run', 'csv_dag', 'load_data_task', 'manual__2025-02-02T07:08:24.170608+00:00', '--job-id', '219', '--raw', '--subdir', 'DAGS_FOLDER/dagto_csv.py', '--cfg-path', '/tmp/tmp40zg7aqp']
[2025-02-02T07:13:47.627+0000] {standard_task_runner.py:91} INFO - Job 219: Subtask load_data_task
[2025-02-02T07:13:47.777+0000] {task_command.py:426} INFO - Running <TaskInstance: csv_dag.load_data_task manual__2025-02-02T07:08:24.170608+00:00 [running]> on host 2892ee60bb8a
[2025-02-02T07:13:47.997+0000] {taskinstance.py:2644} INFO - Exporting env vars: AIRFLOW_CTX_DAG_OWNER='Andres Urrea' AIRFLOW_CTX_DAG_ID='csv_dag' AIRFLOW_CTX_TASK_ID='load_data_task' AIRFLOW_CTX_EXECUTION_DATE='2025-02-02T07:08:24.170608+00:00' AIRFLOW_CTX_TRY_NUMBER='2' AIRFLOW_CTX_DAG_RUN_ID='manual__2025-02-02T07:08:24.170608+00:00'
[2025-02-02T07:13:48.001+0000] {taskinstance.py:430} INFO - ::endgroup::
[2025-02-02T07:13:48.026+0000] {logging_mixin.py:188} INFO - <class 'NoneType'>
[2025-02-02T07:13:48.028+0000] {python.py:237} INFO - Done. Returned value was: None
[2025-02-02T07:13:48.029+0000] {taskinstance.py:441} INFO - ::group::Post task execution logs
[2025-02-02T07:13:48.050+0000] {taskinstance.py:1205} INFO - Marking task as SUCCESS. dag_id=csv_dag, task_id=load_data_task, execution_date=20250202T070824, start_date=20250202T071347, end_date=20250202T071348
[2025-02-02T07:13:48.122+0000] {local_task_job_runner.py:240} INFO - Task exited with return code 0
[2025-02-02T07:13:48.159+0000] {taskinstance.py:3482} INFO - 0 downstream tasks scheduled from follow-on schedule check
[2025-02-02T07:13:48.163+0000] {local_task_job_runner.py:222} INFO - ::endgroup::
