[2025-02-03T03:28:39.012+0000] {local_task_job_runner.py:120} INFO - ::group::Pre task execution logs
[2025-02-03T03:28:39.057+0000] {taskinstance.py:2073} INFO - Dependencies all met for dep_context=non-requeueable deps ti=<TaskInstance: csv_dag.load_data_task manual__2025-02-03T03:28:21.469953+00:00 [queued]>
[2025-02-03T03:28:39.084+0000] {taskinstance.py:2073} INFO - Dependencies all met for dep_context=requeueable deps ti=<TaskInstance: csv_dag.load_data_task manual__2025-02-03T03:28:21.469953+00:00 [queued]>
[2025-02-03T03:28:39.085+0000] {taskinstance.py:2303} INFO - Starting attempt 1 of 2
[2025-02-03T03:28:39.123+0000] {taskinstance.py:2327} INFO - Executing <Task(PythonOperator): load_data_task> on 2025-02-03 03:28:21.469953+00:00
[2025-02-03T03:28:39.139+0000] {warnings.py:110} WARNING - /home/***/.local/lib/python3.12/site-packages/***/task/task_runner/standard_task_runner.py:61: DeprecationWarning: This process (pid=1361) is multi-threaded, use of fork() may lead to deadlocks in the child.
  pid = os.fork()

[2025-02-03T03:28:39.145+0000] {standard_task_runner.py:63} INFO - Started process 1363 to run task
[2025-02-03T03:28:39.145+0000] {standard_task_runner.py:90} INFO - Running: ['***', 'tasks', 'run', 'csv_dag', 'load_data_task', 'manual__2025-02-03T03:28:21.469953+00:00', '--job-id', '263', '--raw', '--subdir', 'DAGS_FOLDER/dagto_csv.py', '--cfg-path', '/tmp/tmp4zz4_42z']
[2025-02-03T03:28:39.149+0000] {standard_task_runner.py:91} INFO - Job 263: Subtask load_data_task
[2025-02-03T03:28:39.269+0000] {task_command.py:426} INFO - Running <TaskInstance: csv_dag.load_data_task manual__2025-02-03T03:28:21.469953+00:00 [running]> on host 2892ee60bb8a
[2025-02-03T03:28:39.664+0000] {taskinstance.py:2644} INFO - Exporting env vars: AIRFLOW_CTX_DAG_OWNER='Andres Urrea' AIRFLOW_CTX_DAG_ID='csv_dag' AIRFLOW_CTX_TASK_ID='load_data_task' AIRFLOW_CTX_EXECUTION_DATE='2025-02-03T03:28:21.469953+00:00' AIRFLOW_CTX_TRY_NUMBER='1' AIRFLOW_CTX_DAG_RUN_ID='manual__2025-02-03T03:28:21.469953+00:00'
[2025-02-03T03:28:39.672+0000] {taskinstance.py:430} INFO - ::endgroup::
[2025-02-03T03:28:39.707+0000] {_universal.py:511} INFO - Request URL: 'https://inetumau.blob.core.windows.net/articles/archivo.json'
Request method: 'PUT'
Request headers:
    'Content-Length': '432904'
    'x-ms-blob-type': 'REDACTED'
    'x-ms-version': 'REDACTED'
    'Content-Type': 'application/octet-stream'
    'Accept': 'application/xml'
    'User-Agent': 'azsdk-python-storage-blob/12.19.1 Python/3.12.2 (Linux-5.15.146.1-microsoft-standard-WSL2-x86_64-with-glibc2.36)'
    'x-ms-date': 'REDACTED'
    'x-ms-client-request-id': 'f5f1fc1e-e1de-11ef-9483-0242ac130006'
    'Authorization': 'REDACTED'
A body is sent with the request
[2025-02-03T03:28:41.279+0000] {_universal.py:550} INFO - Response status: 201
Response headers:
    'Content-Length': '0'
    'Content-MD5': 'REDACTED'
    'Last-Modified': 'Mon, 03 Feb 2025 03:28:41 GMT'
    'ETag': '"0x8DD4402DB2F8078"'
    'Server': 'Windows-Azure-Blob/1.0 Microsoft-HTTPAPI/2.0'
    'x-ms-request-id': '911237bb-001e-0065-7ceb-75e3ca000000'
    'x-ms-client-request-id': 'f5f1fc1e-e1de-11ef-9483-0242ac130006'
    'x-ms-version': 'REDACTED'
    'x-ms-content-crc64': 'REDACTED'
    'x-ms-request-server-encrypted': 'REDACTED'
    'Date': 'Mon, 03 Feb 2025 03:28:40 GMT'
[2025-02-03T03:28:41.281+0000] {logging_mixin.py:188} INFO - El archivo archivo.json ha sido cargado exitosamente a Azure Blob Storage.
[2025-02-03T03:28:41.285+0000] {python.py:237} INFO - Done. Returned value was: None
[2025-02-03T03:28:41.287+0000] {taskinstance.py:441} INFO - ::group::Post task execution logs
[2025-02-03T03:28:41.304+0000] {taskinstance.py:1205} INFO - Marking task as SUCCESS. dag_id=csv_dag, task_id=load_data_task, execution_date=20250203T032821, start_date=20250203T032839, end_date=20250203T032841
[2025-02-03T03:28:41.376+0000] {local_task_job_runner.py:240} INFO - Task exited with return code 0
[2025-02-03T03:28:41.427+0000] {taskinstance.py:3482} INFO - 1 downstream tasks scheduled from follow-on schedule check
[2025-02-03T03:28:41.430+0000] {local_task_job_runner.py:222} INFO - ::endgroup::
