[2025-02-03T13:59:10.865+0000] {local_task_job_runner.py:120} INFO - ::group::Pre task execution logs
[2025-02-03T13:59:10.916+0000] {taskinstance.py:2073} INFO - Dependencies all met for dep_context=non-requeueable deps ti=<TaskInstance: INETUM_ETL.run_now_job manual__2025-02-03T13:58:38.091646+00:00 [queued]>
[2025-02-03T13:59:10.947+0000] {taskinstance.py:2073} INFO - Dependencies all met for dep_context=requeueable deps ti=<TaskInstance: INETUM_ETL.run_now_job manual__2025-02-03T13:58:38.091646+00:00 [queued]>
[2025-02-03T13:59:10.949+0000] {taskinstance.py:2303} INFO - Starting attempt 1 of 2
[2025-02-03T13:59:11.026+0000] {taskinstance.py:2327} INFO - Executing <Task(DatabricksRunNowOperator): run_now_job> on 2025-02-03 13:58:38.091646+00:00
[2025-02-03T13:59:11.044+0000] {warnings.py:110} WARNING - /home/***/.local/lib/python3.12/site-packages/***/task/task_runner/standard_task_runner.py:61: DeprecationWarning: This process (pid=131) is multi-threaded, use of fork() may lead to deadlocks in the child.
  pid = os.fork()

[2025-02-03T13:59:11.050+0000] {standard_task_runner.py:63} INFO - Started process 133 to run task
[2025-02-03T13:59:11.049+0000] {standard_task_runner.py:90} INFO - Running: ['***', 'tasks', 'run', 'INETUM_ETL', 'run_now_job', 'manual__2025-02-03T13:58:38.091646+00:00', '--job-id', '271', '--raw', '--subdir', 'DAGS_FOLDER/dagto_csv.py', '--cfg-path', '/tmp/tmpf6w9y9rp']
[2025-02-03T13:59:11.053+0000] {standard_task_runner.py:91} INFO - Job 271: Subtask run_now_job
[2025-02-03T13:59:11.210+0000] {task_command.py:426} INFO - Running <TaskInstance: INETUM_ETL.run_now_job manual__2025-02-03T13:58:38.091646+00:00 [running]> on host 2892ee60bb8a
[2025-02-03T13:59:11.439+0000] {taskinstance.py:2644} INFO - Exporting env vars: AIRFLOW_CTX_DAG_OWNER='Andres Urrea' AIRFLOW_CTX_DAG_ID='INETUM_ETL' AIRFLOW_CTX_TASK_ID='run_now_job' AIRFLOW_CTX_EXECUTION_DATE='2025-02-03T13:58:38.091646+00:00' AIRFLOW_CTX_TRY_NUMBER='1' AIRFLOW_CTX_DAG_RUN_ID='manual__2025-02-03T13:58:38.091646+00:00'
[2025-02-03T13:59:11.442+0000] {taskinstance.py:430} INFO - ::endgroup::
[2025-02-03T13:59:11.459+0000] {base.py:84} INFO - Using connection ID 'Databricks-connection-***' for task execution.
[2025-02-03T13:59:12.824+0000] {databricks.py:65} INFO - Run submitted with run_id: 912617879446917
[2025-02-03T13:59:14.159+0000] {databricks.py:127} INFO - run_now_job in run state: {'life_cycle_state': 'RUNNING', 'result_state': '', 'state_message': ''}
[2025-02-03T13:59:14.161+0000] {databricks.py:128} INFO - View run status, Spark UI, and logs at https://adb-3338530560336691.11.azuredatabricks.net/?o=3338530560336691#job/882479244738536/run/912617879446917
[2025-02-03T13:59:14.163+0000] {databricks.py:129} INFO - Sleeping for 30 seconds.
[2025-02-03T13:59:45.064+0000] {databricks.py:127} INFO - run_now_job in run state: {'life_cycle_state': 'RUNNING', 'result_state': '', 'state_message': ''}
[2025-02-03T13:59:45.066+0000] {databricks.py:128} INFO - View run status, Spark UI, and logs at https://adb-3338530560336691.11.azuredatabricks.net/?o=3338530560336691#job/882479244738536/run/912617879446917
[2025-02-03T13:59:45.067+0000] {databricks.py:129} INFO - Sleeping for 30 seconds.
[2025-02-03T14:00:15.832+0000] {databricks.py:127} INFO - run_now_job in run state: {'life_cycle_state': 'RUNNING', 'result_state': '', 'state_message': ''}
[2025-02-03T14:00:15.834+0000] {databricks.py:128} INFO - View run status, Spark UI, and logs at https://adb-3338530560336691.11.azuredatabricks.net/?o=3338530560336691#job/882479244738536/run/912617879446917
[2025-02-03T14:00:15.835+0000] {databricks.py:129} INFO - Sleeping for 30 seconds.
[2025-02-03T14:00:46.719+0000] {databricks.py:127} INFO - run_now_job in run state: {'life_cycle_state': 'RUNNING', 'result_state': '', 'state_message': ''}
[2025-02-03T14:00:46.721+0000] {databricks.py:128} INFO - View run status, Spark UI, and logs at https://adb-3338530560336691.11.azuredatabricks.net/?o=3338530560336691#job/882479244738536/run/912617879446917
[2025-02-03T14:00:46.722+0000] {databricks.py:129} INFO - Sleeping for 30 seconds.
[2025-02-03T14:01:17.692+0000] {databricks.py:127} INFO - run_now_job in run state: {'life_cycle_state': 'RUNNING', 'result_state': '', 'state_message': ''}
[2025-02-03T14:01:17.694+0000] {databricks.py:128} INFO - View run status, Spark UI, and logs at https://adb-3338530560336691.11.azuredatabricks.net/?o=3338530560336691#job/882479244738536/run/912617879446917
[2025-02-03T14:01:17.695+0000] {databricks.py:129} INFO - Sleeping for 30 seconds.
[2025-02-03T14:01:48.670+0000] {databricks.py:76} INFO - run_now_job completed successfully.
[2025-02-03T14:01:48.671+0000] {databricks.py:77} INFO - View run status, Spark UI, and logs at https://adb-3338530560336691.11.azuredatabricks.net/?o=3338530560336691#job/882479244738536/run/912617879446917
[2025-02-03T14:01:48.672+0000] {taskinstance.py:441} INFO - ::group::Post task execution logs
[2025-02-03T14:01:48.696+0000] {taskinstance.py:1205} INFO - Marking task as SUCCESS. dag_id=INETUM_ETL, task_id=run_now_job, execution_date=20250203T135838, start_date=20250203T135910, end_date=20250203T140148
[2025-02-03T14:01:48.755+0000] {local_task_job_runner.py:240} INFO - Task exited with return code 0
[2025-02-03T14:01:48.789+0000] {taskinstance.py:3482} INFO - 0 downstream tasks scheduled from follow-on schedule check
[2025-02-03T14:01:48.792+0000] {local_task_job_runner.py:222} INFO - ::endgroup::
