[2025-02-02T16:08:49.354+0000] {local_task_job_runner.py:120} INFO - ::group::Pre task execution logs
[2025-02-02T16:08:49.385+0000] {taskinstance.py:2073} INFO - Dependencies all met for dep_context=non-requeueable deps ti=<TaskInstance: csv_dag.preprocess_data manual__2025-02-02T16:08:35.475679+00:00 [queued]>
[2025-02-02T16:08:49.400+0000] {taskinstance.py:2073} INFO - Dependencies all met for dep_context=requeueable deps ti=<TaskInstance: csv_dag.preprocess_data manual__2025-02-02T16:08:35.475679+00:00 [queued]>
[2025-02-02T16:08:49.401+0000] {taskinstance.py:2303} INFO - Starting attempt 1 of 2
[2025-02-02T16:08:49.427+0000] {taskinstance.py:2327} INFO - Executing <Task(PythonOperator): preprocess_data> on 2025-02-02 16:08:35.475679+00:00
[2025-02-02T16:08:49.450+0000] {warnings.py:110} WARNING - /home/***/.local/lib/python3.12/site-packages/***/task/task_runner/standard_task_runner.py:61: DeprecationWarning: This process (pid=293) is multi-threaded, use of fork() may lead to deadlocks in the child.
  pid = os.fork()

[2025-02-02T16:08:49.454+0000] {standard_task_runner.py:90} INFO - Running: ['***', 'tasks', 'run', 'csv_dag', 'preprocess_data', 'manual__2025-02-02T16:08:35.475679+00:00', '--job-id', '236', '--raw', '--subdir', 'DAGS_FOLDER/dagto_csv.py', '--cfg-path', '/tmp/tmpvr6u4sei']
[2025-02-02T16:08:49.456+0000] {standard_task_runner.py:63} INFO - Started process 295 to run task
[2025-02-02T16:08:49.457+0000] {standard_task_runner.py:91} INFO - Job 236: Subtask preprocess_data
[2025-02-02T16:08:49.540+0000] {task_command.py:426} INFO - Running <TaskInstance: csv_dag.preprocess_data manual__2025-02-02T16:08:35.475679+00:00 [running]> on host 2892ee60bb8a
[2025-02-02T16:08:49.724+0000] {taskinstance.py:2644} INFO - Exporting env vars: AIRFLOW_CTX_DAG_OWNER='Andres Urrea' AIRFLOW_CTX_DAG_ID='csv_dag' AIRFLOW_CTX_TASK_ID='preprocess_data' AIRFLOW_CTX_EXECUTION_DATE='2025-02-02T16:08:35.475679+00:00' AIRFLOW_CTX_TRY_NUMBER='1' AIRFLOW_CTX_DAG_RUN_ID='manual__2025-02-02T16:08:35.475679+00:00'
[2025-02-02T16:08:49.727+0000] {taskinstance.py:430} INFO - ::endgroup::
[2025-02-02T16:08:49.764+0000] {logging_mixin.py:188} INFO - DataFrame guardado en /tmp/df.csv
[2025-02-02T16:08:49.765+0000] {python.py:237} INFO - Done. Returned value was: None
[2025-02-02T16:08:49.766+0000] {taskinstance.py:441} INFO - ::group::Post task execution logs
[2025-02-02T16:08:49.783+0000] {taskinstance.py:1205} INFO - Marking task as SUCCESS. dag_id=csv_dag, task_id=preprocess_data, execution_date=20250202T160835, start_date=20250202T160849, end_date=20250202T160849
[2025-02-02T16:08:49.833+0000] {local_task_job_runner.py:240} INFO - Task exited with return code 0
[2025-02-02T16:08:49.894+0000] {taskinstance.py:3482} INFO - 0 downstream tasks scheduled from follow-on schedule check
[2025-02-02T16:08:49.897+0000] {local_task_job_runner.py:222} INFO - ::endgroup::
