[2025-02-03T03:25:36.643+0000] {local_task_job_runner.py:120} INFO - ::group::Pre task execution logs
[2025-02-03T03:25:36.691+0000] {taskinstance.py:2073} INFO - Dependencies all met for dep_context=non-requeueable deps ti=<TaskInstance: csv_dag.load_data_task manual__2025-02-03T03:25:18.480477+00:00 [queued]>
[2025-02-03T03:25:36.716+0000] {taskinstance.py:2073} INFO - Dependencies all met for dep_context=requeueable deps ti=<TaskInstance: csv_dag.load_data_task manual__2025-02-03T03:25:18.480477+00:00 [queued]>
[2025-02-03T03:25:36.718+0000] {taskinstance.py:2303} INFO - Starting attempt 1 of 2
[2025-02-03T03:25:36.759+0000] {taskinstance.py:2327} INFO - Executing <Task(PythonOperator): load_data_task> on 2025-02-03 03:25:18.480477+00:00
[2025-02-03T03:25:36.775+0000] {warnings.py:110} WARNING - /home/***/.local/lib/python3.12/site-packages/***/task/task_runner/standard_task_runner.py:61: DeprecationWarning: This process (pid=1314) is multi-threaded, use of fork() may lead to deadlocks in the child.
  pid = os.fork()

[2025-02-03T03:25:36.780+0000] {standard_task_runner.py:63} INFO - Started process 1316 to run task
[2025-02-03T03:25:36.780+0000] {standard_task_runner.py:90} INFO - Running: ['***', 'tasks', 'run', 'csv_dag', 'load_data_task', 'manual__2025-02-03T03:25:18.480477+00:00', '--job-id', '259', '--raw', '--subdir', 'DAGS_FOLDER/dagto_csv.py', '--cfg-path', '/tmp/tmp51939itx']
[2025-02-03T03:25:36.789+0000] {standard_task_runner.py:91} INFO - Job 259: Subtask load_data_task
[2025-02-03T03:25:36.938+0000] {task_command.py:426} INFO - Running <TaskInstance: csv_dag.load_data_task manual__2025-02-03T03:25:18.480477+00:00 [running]> on host 2892ee60bb8a
[2025-02-03T03:25:37.159+0000] {taskinstance.py:2644} INFO - Exporting env vars: AIRFLOW_CTX_DAG_OWNER='Andres Urrea' AIRFLOW_CTX_DAG_ID='csv_dag' AIRFLOW_CTX_TASK_ID='load_data_task' AIRFLOW_CTX_EXECUTION_DATE='2025-02-03T03:25:18.480477+00:00' AIRFLOW_CTX_TRY_NUMBER='1' AIRFLOW_CTX_DAG_RUN_ID='manual__2025-02-03T03:25:18.480477+00:00'
[2025-02-03T03:25:37.171+0000] {taskinstance.py:430} INFO - ::endgroup::
[2025-02-03T03:25:37.230+0000] {_universal.py:511} INFO - Request URL: 'https://inetumau.blob.core.windows.net/articles/archivo.csv'
Request method: 'PUT'
Request headers:
    'Content-Length': '352644'
    'x-ms-blob-type': 'REDACTED'
    'x-ms-version': 'REDACTED'
    'Content-Type': 'application/octet-stream'
    'Accept': 'application/xml'
    'User-Agent': 'azsdk-python-storage-blob/12.19.1 Python/3.12.2 (Linux-5.15.146.1-microsoft-standard-WSL2-x86_64-with-glibc2.36)'
    'x-ms-date': 'REDACTED'
    'x-ms-client-request-id': '892e726a-e1de-11ef-acf5-0242ac130006'
    'Authorization': 'REDACTED'
A body is sent with the request
[2025-02-03T03:25:38.636+0000] {_universal.py:550} INFO - Response status: 201
Response headers:
    'Content-Length': '0'
    'Content-MD5': 'REDACTED'
    'Last-Modified': 'Mon, 03 Feb 2025 03:25:38 GMT'
    'ETag': '"0x8DD44026E5610B0"'
    'Server': 'Windows-Azure-Blob/1.0 Microsoft-HTTPAPI/2.0'
    'x-ms-request-id': '6df1369e-901e-0049-5aeb-7561f7000000'
    'x-ms-client-request-id': '892e726a-e1de-11ef-acf5-0242ac130006'
    'x-ms-version': 'REDACTED'
    'x-ms-content-crc64': 'REDACTED'
    'x-ms-request-server-encrypted': 'REDACTED'
    'Date': 'Mon, 03 Feb 2025 03:25:37 GMT'
[2025-02-03T03:25:38.639+0000] {logging_mixin.py:188} INFO - El archivo archivo.csv ha sido cargado exitosamente a Azure Blob Storage.
[2025-02-03T03:25:38.644+0000] {python.py:237} INFO - Done. Returned value was: None
[2025-02-03T03:25:38.646+0000] {taskinstance.py:441} INFO - ::group::Post task execution logs
[2025-02-03T03:25:38.667+0000] {taskinstance.py:1205} INFO - Marking task as SUCCESS. dag_id=csv_dag, task_id=load_data_task, execution_date=20250203T032518, start_date=20250203T032536, end_date=20250203T032538
[2025-02-03T03:25:38.732+0000] {local_task_job_runner.py:240} INFO - Task exited with return code 0
[2025-02-03T03:25:38.786+0000] {taskinstance.py:3482} INFO - 1 downstream tasks scheduled from follow-on schedule check
[2025-02-03T03:25:38.789+0000] {local_task_job_runner.py:222} INFO - ::endgroup::
