[2025-02-01T20:22:40.352+0000] {local_task_job_runner.py:120} INFO - ::group::Pre task execution logs
[2025-02-01T20:22:40.401+0000] {taskinstance.py:2073} INFO - Dependencies all met for dep_context=non-requeueable deps ti=<TaskInstance: DATABRICKS_DAG.run_now manual__2025-02-01T20:22:33.084869+00:00 [queued]>
[2025-02-01T20:22:40.422+0000] {taskinstance.py:2073} INFO - Dependencies all met for dep_context=requeueable deps ti=<TaskInstance: DATABRICKS_DAG.run_now manual__2025-02-01T20:22:33.084869+00:00 [queued]>
[2025-02-01T20:22:40.424+0000] {taskinstance.py:2303} INFO - Starting attempt 1 of 2
[2025-02-01T20:22:40.466+0000] {taskinstance.py:2327} INFO - Executing <Task(DatabricksRunNowOperator): run_now> on 2025-02-01 20:22:33.084869+00:00
[2025-02-01T20:22:40.482+0000] {warnings.py:110} WARNING - /home/***/.local/lib/python3.12/site-packages/***/task/task_runner/standard_task_runner.py:61: DeprecationWarning: This process (pid=346) is multi-threaded, use of fork() may lead to deadlocks in the child.
  pid = os.fork()

[2025-02-01T20:22:40.489+0000] {standard_task_runner.py:63} INFO - Started process 348 to run task
[2025-02-01T20:22:40.486+0000] {standard_task_runner.py:90} INFO - Running: ['***', 'tasks', 'run', 'DATABRICKS_DAG', 'run_now', 'manual__2025-02-01T20:22:33.084869+00:00', '--job-id', '204', '--raw', '--subdir', 'DAGS_FOLDER/dag_databricks.py', '--cfg-path', '/tmp/tmpiaqnmrar']
[2025-02-01T20:22:40.495+0000] {standard_task_runner.py:91} INFO - Job 204: Subtask run_now
[2025-02-01T20:22:40.595+0000] {task_command.py:426} INFO - Running <TaskInstance: DATABRICKS_DAG.run_now manual__2025-02-01T20:22:33.084869+00:00 [running]> on host 2892ee60bb8a
[2025-02-01T20:22:40.870+0000] {taskinstance.py:2644} INFO - Exporting env vars: AIRFLOW_CTX_DAG_OWNER='Andres Urrea' AIRFLOW_CTX_DAG_ID='DATABRICKS_DAG' AIRFLOW_CTX_TASK_ID='run_now' AIRFLOW_CTX_EXECUTION_DATE='2025-02-01T20:22:33.084869+00:00' AIRFLOW_CTX_TRY_NUMBER='1' AIRFLOW_CTX_DAG_RUN_ID='manual__2025-02-01T20:22:33.084869+00:00'
[2025-02-01T20:22:40.881+0000] {taskinstance.py:430} INFO - ::endgroup::
[2025-02-01T20:22:40.924+0000] {base.py:84} INFO - Using connection ID 'Databricks-connection-***' for task execution.
[2025-02-01T20:22:42.224+0000] {databricks.py:65} INFO - Run submitted with run_id: 40961859694416
[2025-02-01T20:22:43.508+0000] {databricks.py:127} INFO - run_now in run state: {'life_cycle_state': 'RUNNING', 'result_state': '', 'state_message': ''}
[2025-02-01T20:22:43.511+0000] {databricks.py:128} INFO - View run status, Spark UI, and logs at https://adb-3338530560336691.11.azuredatabricks.net/?o=3338530560336691#job/882479244738536/run/40961859694416
[2025-02-01T20:22:43.513+0000] {databricks.py:129} INFO - Sleeping for 30 seconds.
[2025-02-01T20:23:14.401+0000] {databricks.py:76} INFO - run_now completed successfully.
[2025-02-01T20:23:14.405+0000] {databricks.py:77} INFO - View run status, Spark UI, and logs at https://adb-3338530560336691.11.azuredatabricks.net/?o=3338530560336691#job/882479244738536/run/40961859694416
[2025-02-01T20:23:14.406+0000] {taskinstance.py:441} INFO - ::group::Post task execution logs
[2025-02-01T20:23:14.442+0000] {taskinstance.py:1205} INFO - Marking task as SUCCESS. dag_id=DATABRICKS_DAG, task_id=run_now, execution_date=20250201T202233, start_date=20250201T202240, end_date=20250201T202314
[2025-02-01T20:23:14.539+0000] {local_task_job_runner.py:240} INFO - Task exited with return code 0
[2025-02-01T20:23:14.588+0000] {taskinstance.py:3482} INFO - 0 downstream tasks scheduled from follow-on schedule check
[2025-02-01T20:23:14.592+0000] {local_task_job_runner.py:222} INFO - ::endgroup::
