[2025-02-03T01:49:01.139+0000] {local_task_job_runner.py:120} INFO - ::group::Pre task execution logs
[2025-02-03T01:49:01.190+0000] {taskinstance.py:2073} INFO - Dependencies all met for dep_context=non-requeueable deps ti=<TaskInstance: csv_dag.preprocess_data manual__2025-02-03T01:48:45.845694+00:00 [queued]>
[2025-02-03T01:49:01.213+0000] {taskinstance.py:2073} INFO - Dependencies all met for dep_context=requeueable deps ti=<TaskInstance: csv_dag.preprocess_data manual__2025-02-03T01:48:45.845694+00:00 [queued]>
[2025-02-03T01:49:01.214+0000] {taskinstance.py:2303} INFO - Starting attempt 1 of 2
[2025-02-03T01:49:01.255+0000] {taskinstance.py:2327} INFO - Executing <Task(PythonOperator): preprocess_data> on 2025-02-03 01:48:45.845694+00:00
[2025-02-03T01:49:01.270+0000] {warnings.py:110} WARNING - /home/***/.local/lib/python3.12/site-packages/***/task/task_runner/standard_task_runner.py:61: DeprecationWarning: This process (pid=118) is multi-threaded, use of fork() may lead to deadlocks in the child.
  pid = os.fork()

[2025-02-03T01:49:01.274+0000] {standard_task_runner.py:63} INFO - Started process 120 to run task
[2025-02-03T01:49:01.273+0000] {standard_task_runner.py:90} INFO - Running: ['***', 'tasks', 'run', 'csv_dag', 'preprocess_data', 'manual__2025-02-03T01:48:45.845694+00:00', '--job-id', '242', '--raw', '--subdir', 'DAGS_FOLDER/dagto_csv.py', '--cfg-path', '/tmp/tmpa1urjlv_']
[2025-02-03T01:49:01.276+0000] {standard_task_runner.py:91} INFO - Job 242: Subtask preprocess_data
[2025-02-03T01:49:01.415+0000] {task_command.py:426} INFO - Running <TaskInstance: csv_dag.preprocess_data manual__2025-02-03T01:48:45.845694+00:00 [running]> on host 2892ee60bb8a
[2025-02-03T01:49:01.657+0000] {taskinstance.py:2644} INFO - Exporting env vars: AIRFLOW_CTX_DAG_OWNER='Andres Urrea' AIRFLOW_CTX_DAG_ID='csv_dag' AIRFLOW_CTX_TASK_ID='preprocess_data' AIRFLOW_CTX_EXECUTION_DATE='2025-02-03T01:48:45.845694+00:00' AIRFLOW_CTX_TRY_NUMBER='1' AIRFLOW_CTX_DAG_RUN_ID='manual__2025-02-03T01:48:45.845694+00:00'
[2025-02-03T01:49:01.660+0000] {taskinstance.py:430} INFO - ::endgroup::
[2025-02-03T01:49:01.729+0000] {logging_mixin.py:188} INFO - DataFrame guardado en /tmp/df.csv
[2025-02-03T01:49:01.730+0000] {python.py:237} INFO - Done. Returned value was: None
[2025-02-03T01:49:01.731+0000] {taskinstance.py:441} INFO - ::group::Post task execution logs
[2025-02-03T01:49:01.754+0000] {taskinstance.py:1205} INFO - Marking task as SUCCESS. dag_id=csv_dag, task_id=preprocess_data, execution_date=20250203T014845, start_date=20250203T014901, end_date=20250203T014901
[2025-02-03T01:49:01.811+0000] {local_task_job_runner.py:240} INFO - Task exited with return code 0
[2025-02-03T01:49:01.896+0000] {taskinstance.py:3482} INFO - 1 downstream tasks scheduled from follow-on schedule check
[2025-02-03T01:49:01.902+0000] {local_task_job_runner.py:222} INFO - ::endgroup::
