[2025-02-03T03:22:12.289+0000] {local_task_job_runner.py:120} INFO - ::group::Pre task execution logs
[2025-02-03T03:22:12.323+0000] {taskinstance.py:2073} INFO - Dependencies all met for dep_context=non-requeueable deps ti=<TaskInstance: csv_dag.preprocess_data manual__2025-02-03T03:21:54.434972+00:00 [queued]>
[2025-02-03T03:22:12.339+0000] {taskinstance.py:2073} INFO - Dependencies all met for dep_context=requeueable deps ti=<TaskInstance: csv_dag.preprocess_data manual__2025-02-03T03:21:54.434972+00:00 [queued]>
[2025-02-03T03:22:12.340+0000] {taskinstance.py:2303} INFO - Starting attempt 1 of 2
[2025-02-03T03:22:12.365+0000] {taskinstance.py:2327} INFO - Executing <Task(PythonOperator): preprocess_data> on 2025-02-03 03:21:54.434972+00:00
[2025-02-03T03:22:12.378+0000] {warnings.py:110} WARNING - /home/***/.local/lib/python3.12/site-packages/***/task/task_runner/standard_task_runner.py:61: DeprecationWarning: This process (pid=1255) is multi-threaded, use of fork() may lead to deadlocks in the child.
  pid = os.fork()

[2025-02-03T03:22:12.381+0000] {standard_task_runner.py:63} INFO - Started process 1257 to run task
[2025-02-03T03:22:12.381+0000] {standard_task_runner.py:90} INFO - Running: ['***', 'tasks', 'run', 'csv_dag', 'preprocess_data', 'manual__2025-02-03T03:21:54.434972+00:00', '--job-id', '254', '--raw', '--subdir', 'DAGS_FOLDER/dagto_csv.py', '--cfg-path', '/tmp/tmpgy_21l2w']
[2025-02-03T03:22:12.383+0000] {standard_task_runner.py:91} INFO - Job 254: Subtask preprocess_data
[2025-02-03T03:22:12.471+0000] {task_command.py:426} INFO - Running <TaskInstance: csv_dag.preprocess_data manual__2025-02-03T03:21:54.434972+00:00 [running]> on host 2892ee60bb8a
[2025-02-03T03:22:12.653+0000] {taskinstance.py:2644} INFO - Exporting env vars: AIRFLOW_CTX_DAG_OWNER='Andres Urrea' AIRFLOW_CTX_DAG_ID='csv_dag' AIRFLOW_CTX_TASK_ID='preprocess_data' AIRFLOW_CTX_EXECUTION_DATE='2025-02-03T03:21:54.434972+00:00' AIRFLOW_CTX_TRY_NUMBER='1' AIRFLOW_CTX_DAG_RUN_ID='manual__2025-02-03T03:21:54.434972+00:00'
[2025-02-03T03:22:12.656+0000] {taskinstance.py:430} INFO - ::endgroup::
[2025-02-03T03:22:12.760+0000] {logging_mixin.py:188} INFO - DataFrame guardado en /tmp/df.csv
[2025-02-03T03:22:12.762+0000] {python.py:237} INFO - Done. Returned value was: None
[2025-02-03T03:22:12.763+0000] {taskinstance.py:441} INFO - ::group::Post task execution logs
[2025-02-03T03:22:12.780+0000] {taskinstance.py:1205} INFO - Marking task as SUCCESS. dag_id=csv_dag, task_id=preprocess_data, execution_date=20250203T032154, start_date=20250203T032212, end_date=20250203T032212
[2025-02-03T03:22:12.838+0000] {local_task_job_runner.py:240} INFO - Task exited with return code 0
[2025-02-03T03:22:12.926+0000] {taskinstance.py:3482} INFO - 1 downstream tasks scheduled from follow-on schedule check
[2025-02-03T03:22:12.930+0000] {local_task_job_runner.py:222} INFO - ::endgroup::
