[2025-02-02T07:14:10.409+0000] {local_task_job_runner.py:120} INFO - ::group::Pre task execution logs
[2025-02-02T07:14:10.479+0000] {taskinstance.py:2073} INFO - Dependencies all met for dep_context=non-requeueable deps ti=<TaskInstance: csv_dag.load_data_task manual__2025-02-02T07:13:50.451923+00:00 [queued]>
[2025-02-02T07:14:10.507+0000] {taskinstance.py:2073} INFO - Dependencies all met for dep_context=requeueable deps ti=<TaskInstance: csv_dag.load_data_task manual__2025-02-02T07:13:50.451923+00:00 [queued]>
[2025-02-02T07:14:10.509+0000] {taskinstance.py:2303} INFO - Starting attempt 1 of 2
[2025-02-02T07:14:10.568+0000] {taskinstance.py:2327} INFO - Executing <Task(PythonOperator): load_data_task> on 2025-02-02 07:13:50.451923+00:00
[2025-02-02T07:14:10.587+0000] {warnings.py:110} WARNING - /home/***/.local/lib/python3.12/site-packages/***/task/task_runner/standard_task_runner.py:61: DeprecationWarning: This process (pid=751) is multi-threaded, use of fork() may lead to deadlocks in the child.
  pid = os.fork()

[2025-02-02T07:14:10.592+0000] {standard_task_runner.py:63} INFO - Started process 759 to run task
[2025-02-02T07:14:10.590+0000] {standard_task_runner.py:90} INFO - Running: ['***', 'tasks', 'run', 'csv_dag', 'load_data_task', 'manual__2025-02-02T07:13:50.451923+00:00', '--job-id', '222', '--raw', '--subdir', 'DAGS_FOLDER/dagto_csv.py', '--cfg-path', '/tmp/tmpvpa8blgg']
[2025-02-02T07:14:10.594+0000] {standard_task_runner.py:91} INFO - Job 222: Subtask load_data_task
[2025-02-02T07:14:10.717+0000] {task_command.py:426} INFO - Running <TaskInstance: csv_dag.load_data_task manual__2025-02-02T07:13:50.451923+00:00 [running]> on host 2892ee60bb8a
[2025-02-02T07:14:11.210+0000] {taskinstance.py:2644} INFO - Exporting env vars: AIRFLOW_CTX_DAG_OWNER='Andres Urrea' AIRFLOW_CTX_DAG_ID='csv_dag' AIRFLOW_CTX_TASK_ID='load_data_task' AIRFLOW_CTX_EXECUTION_DATE='2025-02-02T07:13:50.451923+00:00' AIRFLOW_CTX_TRY_NUMBER='1' AIRFLOW_CTX_DAG_RUN_ID='manual__2025-02-02T07:13:50.451923+00:00'
[2025-02-02T07:14:11.223+0000] {taskinstance.py:430} INFO - ::endgroup::
[2025-02-02T07:14:11.293+0000] {logging_mixin.py:188} INFO - <class 'NoneType'>
[2025-02-02T07:14:11.297+0000] {python.py:237} INFO - Done. Returned value was: None
[2025-02-02T07:14:11.299+0000] {taskinstance.py:441} INFO - ::group::Post task execution logs
[2025-02-02T07:14:11.345+0000] {taskinstance.py:1205} INFO - Marking task as SUCCESS. dag_id=csv_dag, task_id=load_data_task, execution_date=20250202T071350, start_date=20250202T071410, end_date=20250202T071411
[2025-02-02T07:14:11.473+0000] {local_task_job_runner.py:240} INFO - Task exited with return code 0
[2025-02-02T07:14:11.560+0000] {taskinstance.py:3482} INFO - 0 downstream tasks scheduled from follow-on schedule check
[2025-02-02T07:14:11.571+0000] {local_task_job_runner.py:222} INFO - ::endgroup::
